xrun(64): 21.09-s006: (c) Copyright 1995-2022 Cadence Design Systems, Inc.
TOOL:	xrun(64)	21.09-s006: Started on Dec 27, 2022 at 15:19:10 IST
xrun
	+access+rw
	mux_tb.v
	mux.v
DEFINE rfTlineLib $(compute:THIS_TOOL_INST_ROOT)/tools/dfII/samples/artist/rfTlineLib
|
xrun: *W,DLCPTH (/tools/cadence/IC/06.18.230/tools/dfII/local/cds.lib,8): cds.lib Invalid path '/tools/cadence/XCELIUM/21.09.006/tools/dfII/samples/artist/rfTlineLib' (cds.lib command ignored).
SOFTINCLUDE $EMXHOME/emxinterface/cds.lib
|
xrun: *W,DLCVAR (/tools/cadence/IC/06.18.230/tools/dfII/local/cds.lib,14): cds.lib Invalid environment variable ''.
DEFINE Cadence_libs ./Cadence_libs
|
xrun: *W,DLCPTH (/tools/cadence/IC/06.18.230/tools/dfII/local/cds.lib,16): cds.lib Permission denied '/a/../../../tools/cadence/IC/06.18.230/tools/dfII/local/Cadence_libs' (cds.lib command ignored).
ASSIGN Cadence_libs COMBINE analogLib rfLib rfExamples ahdlLib passiveLib basic US_8ths rfTlineLib
|
xrun: *W,DLCLIB (/tools/cadence/IC/06.18.230/tools/dfII/local/cds.lib,17): cds.lib Library not defined 'Cadence_libs' (cds.lib command ignored).
DEFINE rfTlineLib $(compute:THIS_TOOL_INST_ROOT)/tools/dfII/samples/artist/rfTlineLib
|
xrun: *W,DLCPTH (/tools/cadence/IC/06.18.230/tools/dfII/local/cds.lib,8): cds.lib Invalid path '/tools/cadence/XCELIUM/21.09.006/tools/dfII/samples/artist/rfTlineLib' (cds.lib command ignored).
SOFTINCLUDE $EMXHOME/emxinterface/cds.lib
|
xrun: *W,DLCVAR (/tools/cadence/IC/06.18.230/tools/dfII/local/cds.lib,14): cds.lib Invalid environment variable ''.
DEFINE Cadence_libs ./Cadence_libs
|
xrun: *W,DLCPTH (/tools/cadence/IC/06.18.230/tools/dfII/local/cds.lib,16): cds.lib Permission denied '/tools/cadence/IC/06.18.230/tools/dfII/local/Cadence_libs' (cds.lib command ignored).
ASSIGN Cadence_libs COMBINE analogLib rfLib rfExamples ahdlLib passiveLib basic US_8ths rfTlineLib
|
xrun: *W,DLCLIB (/tools/cadence/IC/06.18.230/tools/dfII/local/cds.lib,17): cds.lib Library not defined 'Cadence_libs' (cds.lib command ignored).
DEFINE rfTlineLib $(compute:THIS_TOOL_INST_ROOT)/tools/dfII/samples/artist/rfTlineLib
|
xrun: *W,DLCPTH (/tools/cadence/IC/06.18.230/tools/dfII/local/cds.lib,8): cds.lib Invalid path '/tools/cadence/XCELIUM/21.09.006/tools/dfII/samples/artist/rfTlineLib' (cds.lib command ignored).
SOFTINCLUDE $EMXHOME/emxinterface/cds.lib
|
xrun: *W,DLCVAR (/tools/cadence/IC/06.18.230/tools/dfII/local/cds.lib,14): cds.lib Invalid environment variable ''.
DEFINE Cadence_libs ./Cadence_libs
|
xrun: *W,DLCPTH (/tools/cadence/IC/06.18.230/tools/dfII/local/cds.lib,16): cds.lib Permission denied '/tools/cadence/IC/06.18.230/tools/dfII/local/Cadence_libs' (cds.lib command ignored).
ASSIGN Cadence_libs COMBINE analogLib rfLib rfExamples ahdlLib passiveLib basic US_8ths rfTlineLib
|
xrun: *W,DLCLIB (/tools/cadence/IC/06.18.230/tools/dfII/local/cds.lib,17): cds.lib Library not defined 'Cadence_libs' (cds.lib command ignored).
DEFINE rfTlineLib $(compute:THIS_TOOL_INST_ROOT)/tools/dfII/samples/artist/rfTlineLib
|
xrun: *W,DLCPTH (/tools/cadence/IC/06.18.230/tools/dfII/local/cds.lib,8): cds.lib Invalid path '/tools/cadence/XCELIUM/21.09.006/tools/dfII/samples/artist/rfTlineLib' (cds.lib command ignored).
SOFTINCLUDE $EMXHOME/emxinterface/cds.lib
|
xrun: *W,DLCVAR (/tools/cadence/IC/06.18.230/tools/dfII/local/cds.lib,14): cds.lib Invalid environment variable ''.
DEFINE Cadence_libs ./Cadence_libs
|
xrun: *W,DLCPTH (/tools/cadence/IC/06.18.230/tools/dfII/local/cds.lib,16): cds.lib Permission denied '/tools/cadence/IC/06.18.230/tools/dfII/local/Cadence_libs' (cds.lib command ignored).
ASSIGN Cadence_libs COMBINE analogLib rfLib rfExamples ahdlLib passiveLib basic US_8ths rfTlineLib
|
xrun: *W,DLCLIB (/tools/cadence/IC/06.18.230/tools/dfII/local/cds.lib,17): cds.lib Library not defined 'Cadence_libs' (cds.lib command ignored).
DEFINE rfTlineLib $(compute:THIS_TOOL_INST_ROOT)/tools/dfII/samples/artist/rfTlineLib
|
xrun: *W,DLCPTH (/tools/cadence/IC/06.18.230/tools/dfII/local/cds.lib,8): cds.lib Invalid path '/tools/cadence/XCELIUM/21.09.006/tools/dfII/samples/artist/rfTlineLib' (cds.lib command ignored).
SOFTINCLUDE $EMXHOME/emxinterface/cds.lib
|
xrun: *W,DLCVAR (/tools/cadence/IC/06.18.230/tools/dfII/local/cds.lib,14): cds.lib Invalid environment variable ''.
DEFINE Cadence_libs ./Cadence_libs
|
xrun: *W,DLCPTH (/tools/cadence/IC/06.18.230/tools/dfII/local/cds.lib,16): cds.lib Permission denied '/a/../../../tools/cadence/IC/06.18.230/tools/dfII/local/Cadence_libs' (cds.lib command ignored).
ASSIGN Cadence_libs COMBINE analogLib rfLib rfExamples ahdlLib passiveLib basic US_8ths rfTlineLib
|
xrun: *W,DLCLIB (/tools/cadence/IC/06.18.230/tools/dfII/local/cds.lib,17): cds.lib Library not defined 'Cadence_libs' (cds.lib command ignored).
DEFINE rfTlineLib $(compute:THIS_TOOL_INST_ROOT)/tools/dfII/samples/artist/rfTlineLib
|
xrun: *W,DLCPTH (/tools/cadence/IC/06.18.230/tools/dfII/local/cds.lib,8): cds.lib Invalid path '/tools/cadence/XCELIUM/21.09.006/tools/dfII/samples/artist/rfTlineLib' (cds.lib command ignored).
SOFTINCLUDE $EMXHOME/emxinterface/cds.lib
|
xrun: *W,DLCVAR (/tools/cadence/IC/06.18.230/tools/dfII/local/cds.lib,14): cds.lib Invalid environment variable ''.
DEFINE Cadence_libs ./Cadence_libs
|
xrun: *W,DLCPTH (/tools/cadence/IC/06.18.230/tools/dfII/local/cds.lib,16): cds.lib Permission denied '/a/../../../tools/cadence/IC/06.18.230/tools/dfII/local/Cadence_libs' (cds.lib command ignored).
ASSIGN Cadence_libs COMBINE analogLib rfLib rfExamples ahdlLib passiveLib basic US_8ths rfTlineLib
|
xrun: *W,DLCLIB (/tools/cadence/IC/06.18.230/tools/dfII/local/cds.lib,17): cds.lib Library not defined 'Cadence_libs' (cds.lib command ignored).
DEFINE rfTlineLib $(compute:THIS_TOOL_INST_ROOT)/tools/dfII/samples/artist/rfTlineLib
|
xrun: *W,DLCPTH (/tools/cadence/IC/06.18.230/tools/dfII/local/cds.lib,8): cds.lib Invalid path '/tools/cadence/XCELIUM/21.09.006/tools/dfII/samples/artist/rfTlineLib' (cds.lib command ignored).
SOFTINCLUDE $EMXHOME/emxinterface/cds.lib
|
xrun: *W,DLCVAR (/tools/cadence/IC/06.18.230/tools/dfII/local/cds.lib,14): cds.lib Invalid environment variable ''.
DEFINE Cadence_libs ./Cadence_libs
|
xrun: *W,DLCPTH (/tools/cadence/IC/06.18.230/tools/dfII/local/cds.lib,16): cds.lib Permission denied '/a/../../../tools/cadence/IC/06.18.230/tools/dfII/local/Cadence_libs' (cds.lib command ignored).
ASSIGN Cadence_libs COMBINE analogLib rfLib rfExamples ahdlLib passiveLib basic US_8ths rfTlineLib
|
xrun: *W,DLCLIB (/tools/cadence/IC/06.18.230/tools/dfII/local/cds.lib,17): cds.lib Library not defined 'Cadence_libs' (cds.lib command ignored).
DEFINE rfTlineLib $(compute:THIS_TOOL_INST_ROOT)/tools/dfII/samples/artist/rfTlineLib
|
xmsim: *W,DLCPTH (/tools/cadence/IC/06.18.230/tools/dfII/local/cds.lib,8): cds.lib Invalid path '/tools/cadence/XCELIUM/21.09.006/tools/dfII/samples/artist/rfTlineLib' (cds.lib command ignored).
SOFTINCLUDE $EMXHOME/emxinterface/cds.lib
|
xmsim: *W,DLCVAR (/tools/cadence/IC/06.18.230/tools/dfII/local/cds.lib,14): cds.lib Invalid environment variable ''.
DEFINE Cadence_libs ./Cadence_libs
|
xmsim: *W,DLCPTH (/tools/cadence/IC/06.18.230/tools/dfII/local/cds.lib,16): cds.lib Permission denied '/a/../../../tools/cadence/IC/06.18.230/tools/dfII/local/Cadence_libs' (cds.lib command ignored).
ASSIGN Cadence_libs COMBINE analogLib rfLib rfExamples ahdlLib passiveLib basic US_8ths rfTlineLib
|
xmsim: *W,DLCLIB (/tools/cadence/IC/06.18.230/tools/dfII/local/cds.lib,17): cds.lib Library not defined 'Cadence_libs' (cds.lib command ignored).
Loading snapshot worklib.main:v .................... Done
xcelium> source /tools/cadence/XCELIUM/21.09.006/tools/xcelium/files/xmsimrc
xcelium> run
time=                   0: a 0, b 0, select 0, mux1 0, mux2 0

time=                   5: a 0, b 0, select 1, mux1 0, mux2 0

time=                  10: a 0, b 1, select 0, mux1 0, mux2 0

time=                  15: a 0, b 1, select 1, mux1 1, mux2 1

time=                  20: a 1, b 0, select 0, mux1 1, mux2 1

time=                  25: a 1, b 0, select 1, mux1 0, mux2 0

time=                  30: a 1, b 1, select 0, mux1 1, mux2 1

time=                  35: a 1, b 1, select 1, mux1 1, mux2 1

Simulation complete via $finish(1) at time 40 NS + 0
./mux_tb.v:28 	$finish;
xcelium> exit
TOOL:	xrun(64)	21.09-s006: Exiting on Dec 27, 2022 at 15:19:12 IST  (total: 00:00:02)
