xrun(64): 21.09-s006: (c) Copyright 1995-2022 Cadence Design Systems, Inc.
TOOL:	xrun(64)	21.09-s006: Started on Dec 27, 2022 at 19:19:42 IST
xrun
	+access+rw
	addsub_tb.v
	addsub.v
DEFINE rfTlineLib $(compute:THIS_TOOL_INST_ROOT)/tools/dfII/samples/artist/rfTlineLib
|
xrun: *W,DLCPTH (/tools/cadence/IC/06.18.230/tools/dfII/local/cds.lib,8): cds.lib Invalid path '/tools/cadence/XCELIUM/21.09.006/tools/dfII/samples/artist/rfTlineLib' (cds.lib command ignored).
SOFTINCLUDE $EMXHOME/emxinterface/cds.lib
|
xrun: *W,DLCVAR (/tools/cadence/IC/06.18.230/tools/dfII/local/cds.lib,14): cds.lib Invalid environment variable ''.
DEFINE Cadence_libs ./Cadence_libs
|
xrun: *W,DLCPTH (/tools/cadence/IC/06.18.230/tools/dfII/local/cds.lib,16): cds.lib Permission denied '/a/../../../tools/cadence/IC/06.18.230/tools/dfII/local/Cadence_libs' (cds.lib command ignored).
ASSIGN Cadence_libs COMBINE analogLib rfLib rfExamples ahdlLib passiveLib basic US_8ths rfTlineLib
|
xrun: *W,DLCLIB (/tools/cadence/IC/06.18.230/tools/dfII/local/cds.lib,17): cds.lib Library not defined 'Cadence_libs' (cds.lib command ignored).
DEFINE rfTlineLib $(compute:THIS_TOOL_INST_ROOT)/tools/dfII/samples/artist/rfTlineLib
|
xrun: *W,DLCPTH (/tools/cadence/IC/06.18.230/tools/dfII/local/cds.lib,8): cds.lib Invalid path '/tools/cadence/XCELIUM/21.09.006/tools/dfII/samples/artist/rfTlineLib' (cds.lib command ignored).
SOFTINCLUDE $EMXHOME/emxinterface/cds.lib
|
xrun: *W,DLCVAR (/tools/cadence/IC/06.18.230/tools/dfII/local/cds.lib,14): cds.lib Invalid environment variable ''.
DEFINE Cadence_libs ./Cadence_libs
|
xrun: *W,DLCPTH (/tools/cadence/IC/06.18.230/tools/dfII/local/cds.lib,16): cds.lib Permission denied '/tools/cadence/IC/06.18.230/tools/dfII/local/Cadence_libs' (cds.lib command ignored).
ASSIGN Cadence_libs COMBINE analogLib rfLib rfExamples ahdlLib passiveLib basic US_8ths rfTlineLib
|
xrun: *W,DLCLIB (/tools/cadence/IC/06.18.230/tools/dfII/local/cds.lib,17): cds.lib Library not defined 'Cadence_libs' (cds.lib command ignored).
DEFINE rfTlineLib $(compute:THIS_TOOL_INST_ROOT)/tools/dfII/samples/artist/rfTlineLib
|
xrun: *W,DLCPTH (/tools/cadence/IC/06.18.230/tools/dfII/local/cds.lib,8): cds.lib Invalid path '/tools/cadence/XCELIUM/21.09.006/tools/dfII/samples/artist/rfTlineLib' (cds.lib command ignored).
SOFTINCLUDE $EMXHOME/emxinterface/cds.lib
|
xrun: *W,DLCVAR (/tools/cadence/IC/06.18.230/tools/dfII/local/cds.lib,14): cds.lib Invalid environment variable ''.
DEFINE Cadence_libs ./Cadence_libs
|
xrun: *W,DLCPTH (/tools/cadence/IC/06.18.230/tools/dfII/local/cds.lib,16): cds.lib Permission denied '/tools/cadence/IC/06.18.230/tools/dfII/local/Cadence_libs' (cds.lib command ignored).
ASSIGN Cadence_libs COMBINE analogLib rfLib rfExamples ahdlLib passiveLib basic US_8ths rfTlineLib
|
xrun: *W,DLCLIB (/tools/cadence/IC/06.18.230/tools/dfII/local/cds.lib,17): cds.lib Library not defined 'Cadence_libs' (cds.lib command ignored).
DEFINE rfTlineLib $(compute:THIS_TOOL_INST_ROOT)/tools/dfII/samples/artist/rfTlineLib
|
xrun: *W,DLCPTH (/tools/cadence/IC/06.18.230/tools/dfII/local/cds.lib,8): cds.lib Invalid path '/tools/cadence/XCELIUM/21.09.006/tools/dfII/samples/artist/rfTlineLib' (cds.lib command ignored).
SOFTINCLUDE $EMXHOME/emxinterface/cds.lib
|
xrun: *W,DLCVAR (/tools/cadence/IC/06.18.230/tools/dfII/local/cds.lib,14): cds.lib Invalid environment variable ''.
DEFINE Cadence_libs ./Cadence_libs
|
xrun: *W,DLCPTH (/tools/cadence/IC/06.18.230/tools/dfII/local/cds.lib,16): cds.lib Permission denied '/a/../../../tools/cadence/IC/06.18.230/tools/dfII/local/Cadence_libs' (cds.lib command ignored).
ASSIGN Cadence_libs COMBINE analogLib rfLib rfExamples ahdlLib passiveLib basic US_8ths rfTlineLib
|
xrun: *W,DLCLIB (/tools/cadence/IC/06.18.230/tools/dfII/local/cds.lib,17): cds.lib Library not defined 'Cadence_libs' (cds.lib command ignored).
Recompiling... reason: file '../ex4/add4.v' is newer than expected.
	expected: Tue Dec 27 16:20:47 2022
	actual:   Tue Dec 27 19:18:25 2022
DEFINE rfTlineLib $(compute:THIS_TOOL_INST_ROOT)/tools/dfII/samples/artist/rfTlineLib
|
xrun: *W,DLCPTH (/tools/cadence/IC/06.18.230/tools/dfII/local/cds.lib,8): cds.lib Invalid path '/tools/cadence/XCELIUM/21.09.006/tools/dfII/samples/artist/rfTlineLib' (cds.lib command ignored).
SOFTINCLUDE $EMXHOME/emxinterface/cds.lib
|
xrun: *W,DLCVAR (/tools/cadence/IC/06.18.230/tools/dfII/local/cds.lib,14): cds.lib Invalid environment variable ''.
DEFINE Cadence_libs ./Cadence_libs
|
xrun: *W,DLCPTH (/tools/cadence/IC/06.18.230/tools/dfII/local/cds.lib,16): cds.lib Permission denied '/a/../../../tools/cadence/IC/06.18.230/tools/dfII/local/Cadence_libs' (cds.lib command ignored).
ASSIGN Cadence_libs COMBINE analogLib rfLib rfExamples ahdlLib passiveLib basic US_8ths rfTlineLib
|
xrun: *W,DLCLIB (/tools/cadence/IC/06.18.230/tools/dfII/local/cds.lib,17): cds.lib Library not defined 'Cadence_libs' (cds.lib command ignored).
DEFINE rfTlineLib $(compute:THIS_TOOL_INST_ROOT)/tools/dfII/samples/artist/rfTlineLib
|
xmvlog: *W,DLCPTH (/tools/cadence/IC/06.18.230/tools/dfII/local/cds.lib,8): cds.lib Invalid path '/tools/cadence/XCELIUM/21.09.006/tools/dfII/samples/artist/rfTlineLib' (cds.lib command ignored).
SOFTINCLUDE $EMXHOME/emxinterface/cds.lib
|
xmvlog: *W,DLCVAR (/tools/cadence/IC/06.18.230/tools/dfII/local/cds.lib,14): cds.lib Invalid environment variable ''.
DEFINE Cadence_libs ./Cadence_libs
|
xmvlog: *W,DLCPTH (/tools/cadence/IC/06.18.230/tools/dfII/local/cds.lib,16): cds.lib Permission denied '/a/../../../tools/cadence/IC/06.18.230/tools/dfII/local/Cadence_libs' (cds.lib command ignored).
ASSIGN Cadence_libs COMBINE analogLib rfLib rfExamples ahdlLib passiveLib basic US_8ths rfTlineLib
|
xmvlog: *W,DLCLIB (/tools/cadence/IC/06.18.230/tools/dfII/local/cds.lib,17): cds.lib Library not defined 'Cadence_libs' (cds.lib command ignored).
file: addsub.v
	module worklib.fulladder:v
		errors: 0, warnings: 0
	module worklib.add4:v
		errors: 0, warnings: 0
	Total errors/warnings found outside modules and primitives:
		errors: 0, warnings: 4
DEFINE rfTlineLib $(compute:THIS_TOOL_INST_ROOT)/tools/dfII/samples/artist/rfTlineLib
|
xrun: *W,DLCPTH (/tools/cadence/IC/06.18.230/tools/dfII/local/cds.lib,8): cds.lib Invalid path '/tools/cadence/XCELIUM/21.09.006/tools/dfII/samples/artist/rfTlineLib' (cds.lib command ignored).
SOFTINCLUDE $EMXHOME/emxinterface/cds.lib
|
xrun: *W,DLCVAR (/tools/cadence/IC/06.18.230/tools/dfII/local/cds.lib,14): cds.lib Invalid environment variable ''.
DEFINE Cadence_libs ./Cadence_libs
|
xrun: *W,DLCPTH (/tools/cadence/IC/06.18.230/tools/dfII/local/cds.lib,16): cds.lib Permission denied '/a/../../../tools/cadence/IC/06.18.230/tools/dfII/local/Cadence_libs' (cds.lib command ignored).
ASSIGN Cadence_libs COMBINE analogLib rfLib rfExamples ahdlLib passiveLib basic US_8ths rfTlineLib
|
xrun: *W,DLCLIB (/tools/cadence/IC/06.18.230/tools/dfII/local/cds.lib,17): cds.lib Library not defined 'Cadence_libs' (cds.lib command ignored).
DEFINE rfTlineLib $(compute:THIS_TOOL_INST_ROOT)/tools/dfII/samples/artist/rfTlineLib
|
xrun: *W,DLCPTH (/tools/cadence/IC/06.18.230/tools/dfII/local/cds.lib,8): cds.lib Invalid path '/tools/cadence/XCELIUM/21.09.006/tools/dfII/samples/artist/rfTlineLib' (cds.lib command ignored).
SOFTINCLUDE $EMXHOME/emxinterface/cds.lib
|
xrun: *W,DLCVAR (/tools/cadence/IC/06.18.230/tools/dfII/local/cds.lib,14): cds.lib Invalid environment variable ''.
DEFINE Cadence_libs ./Cadence_libs
|
xrun: *W,DLCPTH (/tools/cadence/IC/06.18.230/tools/dfII/local/cds.lib,16): cds.lib Permission denied '/a/../../../tools/cadence/IC/06.18.230/tools/dfII/local/Cadence_libs' (cds.lib command ignored).
ASSIGN Cadence_libs COMBINE analogLib rfLib rfExamples ahdlLib passiveLib basic US_8ths rfTlineLib
|
xrun: *W,DLCLIB (/tools/cadence/IC/06.18.230/tools/dfII/local/cds.lib,17): cds.lib Library not defined 'Cadence_libs' (cds.lib command ignored).
DEFINE rfTlineLib $(compute:THIS_TOOL_INST_ROOT)/tools/dfII/samples/artist/rfTlineLib
|
xmelab: *W,DLCPTH (/tools/cadence/IC/06.18.230/tools/dfII/local/cds.lib,8): cds.lib Invalid path '/tools/cadence/XCELIUM/21.09.006/tools/dfII/samples/artist/rfTlineLib' (cds.lib command ignored).
SOFTINCLUDE $EMXHOME/emxinterface/cds.lib
|
xmelab: *W,DLCVAR (/tools/cadence/IC/06.18.230/tools/dfII/local/cds.lib,14): cds.lib Invalid environment variable ''.
DEFINE Cadence_libs ./Cadence_libs
|
xmelab: *W,DLCPTH (/tools/cadence/IC/06.18.230/tools/dfII/local/cds.lib,16): cds.lib Permission denied '/a/../../../tools/cadence/IC/06.18.230/tools/dfII/local/Cadence_libs' (cds.lib command ignored).
ASSIGN Cadence_libs COMBINE analogLib rfLib rfExamples ahdlLib passiveLib basic US_8ths rfTlineLib
|
xmelab: *W,DLCLIB (/tools/cadence/IC/06.18.230/tools/dfII/local/cds.lib,17): cds.lib Library not defined 'Cadence_libs' (cds.lib command ignored).
		Caching library 'worklib' ....... Done
	Elaborating the design hierarchy:
	Top level design units:
		addsub_tb
	Building instance overlay tables: .................... Done
	Generating native compiled code:
DEFINE rfTlineLib $(compute:THIS_TOOL_INST_ROOT)/tools/dfII/samples/artist/rfTlineLib
|
xmvlog_cg: *W,DLCPTH (/tools/cadence/IC/06.18.230/tools/dfII/local/cds.lib,8): cds.lib Invalid path '/tools/cadence/XCELIUM/21.09.006/tools/dfII/samples/artist/rfTlineLib' (cds.lib command ignored).
SOFTINCLUDE $EMXHOME/emxinterface/cds.lib
|
xmvlog_cg: *W,DLCVAR (/tools/cadence/IC/06.18.230/tools/dfII/local/cds.lib,14): cds.lib Invalid environment variable ''.
DEFINE Cadence_libs ./Cadence_libs
|
xmvlog_cg: *W,DLCPTH (/tools/cadence/IC/06.18.230/tools/dfII/local/cds.lib,16): cds.lib Permission denied '/a/../../../tools/cadence/IC/06.18.230/tools/dfII/local/Cadence_libs' (cds.lib command ignored).
ASSIGN Cadence_libs COMBINE analogLib rfLib rfExamples ahdlLib passiveLib basic US_8ths rfTlineLib
|
xmvlog_cg: *W,DLCLIB (/tools/cadence/IC/06.18.230/tools/dfII/local/cds.lib,17): cds.lib Library not defined 'Cadence_libs' (cds.lib command ignored).
		worklib.fulladder:v <0x215e876f>
			streams:   0, words:     0
	Building instance specific data structures.
	Loading native compiled code:     .................... Done
	Design hierarchy summary:
		              Instances  Unique
		Modules:              7       4
		Primitives:           4       1
		Registers:            9       9
		Scalar wires:        22       -
		Expanded wires:       8       2
		Vectored wires:       1       -
		Initial blocks:       1       1
		Cont. assignments:    1       4
		Pseudo assignments:   3       3
	Writing initial simulation snapshot: worklib.addsub_tb:v
DEFINE rfTlineLib $(compute:THIS_TOOL_INST_ROOT)/tools/dfII/samples/artist/rfTlineLib
|
xmsim: *W,DLCPTH (/tools/cadence/IC/06.18.230/tools/dfII/local/cds.lib,8): cds.lib Invalid path '/tools/cadence/XCELIUM/21.09.006/tools/dfII/samples/artist/rfTlineLib' (cds.lib command ignored).
SOFTINCLUDE $EMXHOME/emxinterface/cds.lib
|
xmsim: *W,DLCVAR (/tools/cadence/IC/06.18.230/tools/dfII/local/cds.lib,14): cds.lib Invalid environment variable ''.
DEFINE Cadence_libs ./Cadence_libs
|
xmsim: *W,DLCPTH (/tools/cadence/IC/06.18.230/tools/dfII/local/cds.lib,16): cds.lib Permission denied '/a/../../../tools/cadence/IC/06.18.230/tools/dfII/local/Cadence_libs' (cds.lib command ignored).
ASSIGN Cadence_libs COMBINE analogLib rfLib rfExamples ahdlLib passiveLib basic US_8ths rfTlineLib
|
xmsim: *W,DLCLIB (/tools/cadence/IC/06.18.230/tools/dfII/local/cds.lib,17): cds.lib Library not defined 'Cadence_libs' (cds.lib command ignored).
Loading snapshot worklib.addsub_tb:v .................... Done
xcelium> source /tools/cadence/XCELIUM/21.09.006/tools/xcelium/files/xmsimrc
xcelium> run

Test subtraction mode.

Test addition mode.

Pass all test

Simulation complete via $finish(1) at time 1044 NS + 0
./addsub_tb.v:80 	#10 $finish;
xcelium> exit
TOOL:	xrun(64)	21.09-s006: Exiting on Dec 27, 2022 at 19:19:43 IST  (total: 00:00:01)
