xrun(64): 21.09-s006: (c) Copyright 1995-2022 Cadence Design Systems, Inc.
TOOL:	xrun(64)	21.09-s006: Started on Dec 27, 2022 at 14:43:47 IST
xrun
	+access+rw
	sat_count_tb.v
	sat_count.v
DEFINE rfTlineLib $(compute:THIS_TOOL_INST_ROOT)/tools/dfII/samples/artist/rfTlineLib
|
xrun: *W,DLCPTH (/tools/cadence/IC/06.18.230/tools/dfII/local/cds.lib,8): cds.lib Invalid path '/tools/cadence/XCELIUM/21.09.006/tools/dfII/samples/artist/rfTlineLib' (cds.lib command ignored).
SOFTINCLUDE $EMXHOME/emxinterface/cds.lib
|
xrun: *W,DLCVAR (/tools/cadence/IC/06.18.230/tools/dfII/local/cds.lib,14): cds.lib Invalid environment variable ''.
DEFINE Cadence_libs ./Cadence_libs
|
xrun: *W,DLCPTH (/tools/cadence/IC/06.18.230/tools/dfII/local/cds.lib,16): cds.lib Permission denied '/a/../../../tools/cadence/IC/06.18.230/tools/dfII/local/Cadence_libs' (cds.lib command ignored).
ASSIGN Cadence_libs COMBINE analogLib rfLib rfExamples ahdlLib passiveLib basic US_8ths rfTlineLib
|
xrun: *W,DLCLIB (/tools/cadence/IC/06.18.230/tools/dfII/local/cds.lib,17): cds.lib Library not defined 'Cadence_libs' (cds.lib command ignored).
DEFINE rfTlineLib $(compute:THIS_TOOL_INST_ROOT)/tools/dfII/samples/artist/rfTlineLib
|
xrun: *W,DLCPTH (/tools/cadence/IC/06.18.230/tools/dfII/local/cds.lib,8): cds.lib Invalid path '/tools/cadence/XCELIUM/21.09.006/tools/dfII/samples/artist/rfTlineLib' (cds.lib command ignored).
SOFTINCLUDE $EMXHOME/emxinterface/cds.lib
|
xrun: *W,DLCVAR (/tools/cadence/IC/06.18.230/tools/dfII/local/cds.lib,14): cds.lib Invalid environment variable ''.
DEFINE Cadence_libs ./Cadence_libs
|
xrun: *W,DLCPTH (/tools/cadence/IC/06.18.230/tools/dfII/local/cds.lib,16): cds.lib Permission denied '/a/../../../tools/cadence/IC/06.18.230/tools/dfII/local/Cadence_libs' (cds.lib command ignored).
ASSIGN Cadence_libs COMBINE analogLib rfLib rfExamples ahdlLib passiveLib basic US_8ths rfTlineLib
|
xrun: *W,DLCLIB (/tools/cadence/IC/06.18.230/tools/dfII/local/cds.lib,17): cds.lib Library not defined 'Cadence_libs' (cds.lib command ignored).
DEFINE rfTlineLib $(compute:THIS_TOOL_INST_ROOT)/tools/dfII/samples/artist/rfTlineLib
|
xrun: *W,DLCPTH (/tools/cadence/IC/06.18.230/tools/dfII/local/cds.lib,8): cds.lib Invalid path '/tools/cadence/XCELIUM/21.09.006/tools/dfII/samples/artist/rfTlineLib' (cds.lib command ignored).
SOFTINCLUDE $EMXHOME/emxinterface/cds.lib
|
xrun: *W,DLCVAR (/tools/cadence/IC/06.18.230/tools/dfII/local/cds.lib,14): cds.lib Invalid environment variable ''.
DEFINE Cadence_libs ./Cadence_libs
|
xrun: *W,DLCPTH (/tools/cadence/IC/06.18.230/tools/dfII/local/cds.lib,16): cds.lib Permission denied '/tools/cadence/IC/06.18.230/tools/dfII/local/Cadence_libs' (cds.lib command ignored).
ASSIGN Cadence_libs COMBINE analogLib rfLib rfExamples ahdlLib passiveLib basic US_8ths rfTlineLib
|
xrun: *W,DLCLIB (/tools/cadence/IC/06.18.230/tools/dfII/local/cds.lib,17): cds.lib Library not defined 'Cadence_libs' (cds.lib command ignored).
DEFINE rfTlineLib $(compute:THIS_TOOL_INST_ROOT)/tools/dfII/samples/artist/rfTlineLib
|
xrun: *W,DLCPTH (/tools/cadence/IC/06.18.230/tools/dfII/local/cds.lib,8): cds.lib Invalid path '/tools/cadence/XCELIUM/21.09.006/tools/dfII/samples/artist/rfTlineLib' (cds.lib command ignored).
SOFTINCLUDE $EMXHOME/emxinterface/cds.lib
|
xrun: *W,DLCVAR (/tools/cadence/IC/06.18.230/tools/dfII/local/cds.lib,14): cds.lib Invalid environment variable ''.
DEFINE Cadence_libs ./Cadence_libs
|
xrun: *W,DLCPTH (/tools/cadence/IC/06.18.230/tools/dfII/local/cds.lib,16): cds.lib Permission denied '/tools/cadence/IC/06.18.230/tools/dfII/local/Cadence_libs' (cds.lib command ignored).
ASSIGN Cadence_libs COMBINE analogLib rfLib rfExamples ahdlLib passiveLib basic US_8ths rfTlineLib
|
xrun: *W,DLCLIB (/tools/cadence/IC/06.18.230/tools/dfII/local/cds.lib,17): cds.lib Library not defined 'Cadence_libs' (cds.lib command ignored).
DEFINE rfTlineLib $(compute:THIS_TOOL_INST_ROOT)/tools/dfII/samples/artist/rfTlineLib
|
xrun: *W,DLCPTH (/tools/cadence/IC/06.18.230/tools/dfII/local/cds.lib,8): cds.lib Invalid path '/tools/cadence/XCELIUM/21.09.006/tools/dfII/samples/artist/rfTlineLib' (cds.lib command ignored).
SOFTINCLUDE $EMXHOME/emxinterface/cds.lib
|
xrun: *W,DLCVAR (/tools/cadence/IC/06.18.230/tools/dfII/local/cds.lib,14): cds.lib Invalid environment variable ''.
DEFINE Cadence_libs ./Cadence_libs
|
xrun: *W,DLCPTH (/tools/cadence/IC/06.18.230/tools/dfII/local/cds.lib,16): cds.lib Permission denied '/a/../../../tools/cadence/IC/06.18.230/tools/dfII/local/Cadence_libs' (cds.lib command ignored).
ASSIGN Cadence_libs COMBINE analogLib rfLib rfExamples ahdlLib passiveLib basic US_8ths rfTlineLib
|
xrun: *W,DLCLIB (/tools/cadence/IC/06.18.230/tools/dfII/local/cds.lib,17): cds.lib Library not defined 'Cadence_libs' (cds.lib command ignored).
DEFINE rfTlineLib $(compute:THIS_TOOL_INST_ROOT)/tools/dfII/samples/artist/rfTlineLib
|
xmvlog: *W,DLCPTH (/tools/cadence/IC/06.18.230/tools/dfII/local/cds.lib,8): cds.lib Invalid path '/tools/cadence/XCELIUM/21.09.006/tools/dfII/samples/artist/rfTlineLib' (cds.lib command ignored).
SOFTINCLUDE $EMXHOME/emxinterface/cds.lib
|
xmvlog: *W,DLCVAR (/tools/cadence/IC/06.18.230/tools/dfII/local/cds.lib,14): cds.lib Invalid environment variable ''.
DEFINE Cadence_libs ./Cadence_libs
|
xmvlog: *W,DLCPTH (/tools/cadence/IC/06.18.230/tools/dfII/local/cds.lib,16): cds.lib Permission denied '/a/../../../tools/cadence/IC/06.18.230/tools/dfII/local/Cadence_libs' (cds.lib command ignored).
ASSIGN Cadence_libs COMBINE analogLib rfLib rfExamples ahdlLib passiveLib basic US_8ths rfTlineLib
|
xmvlog: *W,DLCLIB (/tools/cadence/IC/06.18.230/tools/dfII/local/cds.lib,17): cds.lib Library not defined 'Cadence_libs' (cds.lib command ignored).
file: sat_count_tb.v
$display("time=%d:%b + %b = %b, carry = %b\n", $time, a, b, sum, carry);
       |
xmvlog: *E,EXPEND (sat_count_tb.v,11|7): Expecting the keyword 'end' [12.1.3(IEEE 2001)].
	module worklib.main:v
		errors: 1, warnings: 0
file: sat_count.v
endmodule
        |
xmvlog: *E,NOTSTT (sat_count.v,31|8): expecting a statement [9(IEEE)].
	module worklib.sat_count:v
		errors: 1, warnings: 0
xmvlog: *W,NOTOPL: no top-level unit found, must have recursive instances.
	Total errors/warnings found outside modules and primitives:
		errors: 0, warnings: 5
xrun: *E,VLGERR: An error occurred during parsing.  Review the log file for errors with the code *E and fix those identified problems to proceed.  Exiting with code (status 1).
TOOL:	xrun(64)	21.09-s006: Exiting on Dec 27, 2022 at 14:43:47 IST  (total: 00:00:00)
