xmverilog(64): 21.09-s006: (c) Copyright 1995-2022 Cadence Design Systems, Inc.
TOOL:	xmverilog	21.09-s006: Started on Nov 28, 2022 at 21:50:42 IST
ncverilog
	+access+rw
	fifo_tb.v
	fifo.v
xmverilog: *W,NCEXDEP: Executable (ncverilog) is deprecated. Use (xmverilog) instead.
DEFINE rfTlineLib $(compute:THIS_TOOL_INST_ROOT)/tools/dfII/samples/artist/rfTlineLib
|
xmverilog: *W,DLCPTH (/tools/cadence/IC/06.18.230/tools/dfII/local/cds.lib,8): cds.lib Invalid path '/tools/cadence/XCELIUM/21.09.006/tools/dfII/samples/artist/rfTlineLib' (cds.lib command ignored).
SOFTINCLUDE $EMXHOME/emxinterface/cds.lib
|
xmverilog: *W,DLCVAR (/tools/cadence/IC/06.18.230/tools/dfII/local/cds.lib,14): cds.lib Invalid environment variable ''.
DEFINE Cadence_libs ./Cadence_libs
|
xmverilog: *W,DLCPTH (/tools/cadence/IC/06.18.230/tools/dfII/local/cds.lib,16): cds.lib Permission denied '/a/../../../tools/cadence/IC/06.18.230/tools/dfII/local/Cadence_libs' (cds.lib command ignored).
ASSIGN Cadence_libs COMBINE analogLib rfLib rfExamples ahdlLib passiveLib basic US_8ths rfTlineLib
|
xmverilog: *W,DLCLIB (/tools/cadence/IC/06.18.230/tools/dfII/local/cds.lib,17): cds.lib Library not defined 'Cadence_libs' (cds.lib command ignored).
DEFINE rfTlineLib $(compute:THIS_TOOL_INST_ROOT)/tools/dfII/samples/artist/rfTlineLib
|
xmverilog: *W,DLCPTH (/tools/cadence/IC/06.18.230/tools/dfII/local/cds.lib,8): cds.lib Invalid path '/tools/cadence/XCELIUM/21.09.006/tools/dfII/samples/artist/rfTlineLib' (cds.lib command ignored).
SOFTINCLUDE $EMXHOME/emxinterface/cds.lib
|
xmverilog: *W,DLCVAR (/tools/cadence/IC/06.18.230/tools/dfII/local/cds.lib,14): cds.lib Invalid environment variable ''.
DEFINE Cadence_libs ./Cadence_libs
|
xmverilog: *W,DLCPTH (/tools/cadence/IC/06.18.230/tools/dfII/local/cds.lib,16): cds.lib Permission denied '/tools/cadence/IC/06.18.230/tools/dfII/local/Cadence_libs' (cds.lib command ignored).
ASSIGN Cadence_libs COMBINE analogLib rfLib rfExamples ahdlLib passiveLib basic US_8ths rfTlineLib
|
xmverilog: *W,DLCLIB (/tools/cadence/IC/06.18.230/tools/dfII/local/cds.lib,17): cds.lib Library not defined 'Cadence_libs' (cds.lib command ignored).
DEFINE rfTlineLib $(compute:THIS_TOOL_INST_ROOT)/tools/dfII/samples/artist/rfTlineLib
|
xmverilog: *W,DLCPTH (/tools/cadence/IC/06.18.230/tools/dfII/local/cds.lib,8): cds.lib Invalid path '/tools/cadence/XCELIUM/21.09.006/tools/dfII/samples/artist/rfTlineLib' (cds.lib command ignored).
SOFTINCLUDE $EMXHOME/emxinterface/cds.lib
|
xmverilog: *W,DLCVAR (/tools/cadence/IC/06.18.230/tools/dfII/local/cds.lib,14): cds.lib Invalid environment variable ''.
DEFINE Cadence_libs ./Cadence_libs
|
xmverilog: *W,DLCPTH (/tools/cadence/IC/06.18.230/tools/dfII/local/cds.lib,16): cds.lib Permission denied '/tools/cadence/IC/06.18.230/tools/dfII/local/Cadence_libs' (cds.lib command ignored).
ASSIGN Cadence_libs COMBINE analogLib rfLib rfExamples ahdlLib passiveLib basic US_8ths rfTlineLib
|
xmverilog: *W,DLCLIB (/tools/cadence/IC/06.18.230/tools/dfII/local/cds.lib,17): cds.lib Library not defined 'Cadence_libs' (cds.lib command ignored).
DEFINE rfTlineLib $(compute:THIS_TOOL_INST_ROOT)/tools/dfII/samples/artist/rfTlineLib
|
xmverilog: *W,DLCPTH (/tools/cadence/IC/06.18.230/tools/dfII/local/cds.lib,8): cds.lib Invalid path '/tools/cadence/XCELIUM/21.09.006/tools/dfII/samples/artist/rfTlineLib' (cds.lib command ignored).
SOFTINCLUDE $EMXHOME/emxinterface/cds.lib
|
xmverilog: *W,DLCVAR (/tools/cadence/IC/06.18.230/tools/dfII/local/cds.lib,14): cds.lib Invalid environment variable ''.
DEFINE Cadence_libs ./Cadence_libs
|
xmverilog: *W,DLCPTH (/tools/cadence/IC/06.18.230/tools/dfII/local/cds.lib,16): cds.lib Permission denied '/a/../../../tools/cadence/IC/06.18.230/tools/dfII/local/Cadence_libs' (cds.lib command ignored).
ASSIGN Cadence_libs COMBINE analogLib rfLib rfExamples ahdlLib passiveLib basic US_8ths rfTlineLib
|
xmverilog: *W,DLCLIB (/tools/cadence/IC/06.18.230/tools/dfII/local/cds.lib,17): cds.lib Library not defined 'Cadence_libs' (cds.lib command ignored).
Recompiling... reason: file './fifo_tb.v' is newer than expected.
	expected: Mon Nov 28 21:49:11 2022
	actual:   Mon Nov 28 21:50:39 2022
DEFINE rfTlineLib $(compute:THIS_TOOL_INST_ROOT)/tools/dfII/samples/artist/rfTlineLib
|
xmverilog: *W,DLCPTH (/tools/cadence/IC/06.18.230/tools/dfII/local/cds.lib,8): cds.lib Invalid path '/tools/cadence/XCELIUM/21.09.006/tools/dfII/samples/artist/rfTlineLib' (cds.lib command ignored).
SOFTINCLUDE $EMXHOME/emxinterface/cds.lib
|
xmverilog: *W,DLCVAR (/tools/cadence/IC/06.18.230/tools/dfII/local/cds.lib,14): cds.lib Invalid environment variable ''.
DEFINE Cadence_libs ./Cadence_libs
|
xmverilog: *W,DLCPTH (/tools/cadence/IC/06.18.230/tools/dfII/local/cds.lib,16): cds.lib Permission denied '/a/../../../tools/cadence/IC/06.18.230/tools/dfII/local/Cadence_libs' (cds.lib command ignored).
ASSIGN Cadence_libs COMBINE analogLib rfLib rfExamples ahdlLib passiveLib basic US_8ths rfTlineLib
|
xmverilog: *W,DLCLIB (/tools/cadence/IC/06.18.230/tools/dfII/local/cds.lib,17): cds.lib Library not defined 'Cadence_libs' (cds.lib command ignored).
DEFINE rfTlineLib $(compute:THIS_TOOL_INST_ROOT)/tools/dfII/samples/artist/rfTlineLib
|
xmvlog: *W,DLCPTH (/tools/cadence/IC/06.18.230/tools/dfII/local/cds.lib,8): cds.lib Invalid path '/tools/cadence/XCELIUM/21.09.006/tools/dfII/samples/artist/rfTlineLib' (cds.lib command ignored).
SOFTINCLUDE $EMXHOME/emxinterface/cds.lib
|
xmvlog: *W,DLCVAR (/tools/cadence/IC/06.18.230/tools/dfII/local/cds.lib,14): cds.lib Invalid environment variable ''.
DEFINE Cadence_libs ./Cadence_libs
|
xmvlog: *W,DLCPTH (/tools/cadence/IC/06.18.230/tools/dfII/local/cds.lib,16): cds.lib Permission denied '/a/../../../tools/cadence/IC/06.18.230/tools/dfII/local/Cadence_libs' (cds.lib command ignored).
ASSIGN Cadence_libs COMBINE analogLib rfLib rfExamples ahdlLib passiveLib basic US_8ths rfTlineLib
|
xmvlog: *W,DLCLIB (/tools/cadence/IC/06.18.230/tools/dfII/local/cds.lib,17): cds.lib Library not defined 'Cadence_libs' (cds.lib command ignored).
file: fifo_tb.v
	module worklib.main:v
		errors: 0, warnings: 0
	Total errors/warnings found outside modules and primitives:
		errors: 0, warnings: 4
DEFINE rfTlineLib $(compute:THIS_TOOL_INST_ROOT)/tools/dfII/samples/artist/rfTlineLib
|
xmverilog: *W,DLCPTH (/tools/cadence/IC/06.18.230/tools/dfII/local/cds.lib,8): cds.lib Invalid path '/tools/cadence/XCELIUM/21.09.006/tools/dfII/samples/artist/rfTlineLib' (cds.lib command ignored).
SOFTINCLUDE $EMXHOME/emxinterface/cds.lib
|
xmverilog: *W,DLCVAR (/tools/cadence/IC/06.18.230/tools/dfII/local/cds.lib,14): cds.lib Invalid environment variable ''.
DEFINE Cadence_libs ./Cadence_libs
|
xmverilog: *W,DLCPTH (/tools/cadence/IC/06.18.230/tools/dfII/local/cds.lib,16): cds.lib Permission denied '/a/../../../tools/cadence/IC/06.18.230/tools/dfII/local/Cadence_libs' (cds.lib command ignored).
ASSIGN Cadence_libs COMBINE analogLib rfLib rfExamples ahdlLib passiveLib basic US_8ths rfTlineLib
|
xmverilog: *W,DLCLIB (/tools/cadence/IC/06.18.230/tools/dfII/local/cds.lib,17): cds.lib Library not defined 'Cadence_libs' (cds.lib command ignored).
DEFINE rfTlineLib $(compute:THIS_TOOL_INST_ROOT)/tools/dfII/samples/artist/rfTlineLib
|
xmverilog: *W,DLCPTH (/tools/cadence/IC/06.18.230/tools/dfII/local/cds.lib,8): cds.lib Invalid path '/tools/cadence/XCELIUM/21.09.006/tools/dfII/samples/artist/rfTlineLib' (cds.lib command ignored).
SOFTINCLUDE $EMXHOME/emxinterface/cds.lib
|
xmverilog: *W,DLCVAR (/tools/cadence/IC/06.18.230/tools/dfII/local/cds.lib,14): cds.lib Invalid environment variable ''.
DEFINE Cadence_libs ./Cadence_libs
|
xmverilog: *W,DLCPTH (/tools/cadence/IC/06.18.230/tools/dfII/local/cds.lib,16): cds.lib Permission denied '/a/../../../tools/cadence/IC/06.18.230/tools/dfII/local/Cadence_libs' (cds.lib command ignored).
ASSIGN Cadence_libs COMBINE analogLib rfLib rfExamples ahdlLib passiveLib basic US_8ths rfTlineLib
|
xmverilog: *W,DLCLIB (/tools/cadence/IC/06.18.230/tools/dfII/local/cds.lib,17): cds.lib Library not defined 'Cadence_libs' (cds.lib command ignored).
DEFINE rfTlineLib $(compute:THIS_TOOL_INST_ROOT)/tools/dfII/samples/artist/rfTlineLib
|
xmelab: *W,DLCPTH (/tools/cadence/IC/06.18.230/tools/dfII/local/cds.lib,8): cds.lib Invalid path '/tools/cadence/XCELIUM/21.09.006/tools/dfII/samples/artist/rfTlineLib' (cds.lib command ignored).
SOFTINCLUDE $EMXHOME/emxinterface/cds.lib
|
xmelab: *W,DLCVAR (/tools/cadence/IC/06.18.230/tools/dfII/local/cds.lib,14): cds.lib Invalid environment variable ''.
DEFINE Cadence_libs ./Cadence_libs
|
xmelab: *W,DLCPTH (/tools/cadence/IC/06.18.230/tools/dfII/local/cds.lib,16): cds.lib Permission denied '/a/../../../tools/cadence/IC/06.18.230/tools/dfII/local/Cadence_libs' (cds.lib command ignored).
ASSIGN Cadence_libs COMBINE analogLib rfLib rfExamples ahdlLib passiveLib basic US_8ths rfTlineLib
|
xmelab: *W,DLCLIB (/tools/cadence/IC/06.18.230/tools/dfII/local/cds.lib,17): cds.lib Library not defined 'Cadence_libs' (cds.lib command ignored).
		Caching library 'worklib' ....... Done
	Elaborating the design hierarchy:
	Building instance overlay tables: .................... Done
	Generating native compiled code:
DEFINE rfTlineLib $(compute:THIS_TOOL_INST_ROOT)/tools/dfII/samples/artist/rfTlineLib
|
xmvlog_cg: *W,DLCPTH (/tools/cadence/IC/06.18.230/tools/dfII/local/cds.lib,8): cds.lib Invalid path '/tools/cadence/XCELIUM/21.09.006/tools/dfII/samples/artist/rfTlineLib' (cds.lib command ignored).
SOFTINCLUDE $EMXHOME/emxinterface/cds.lib
|
xmvlog_cg: *W,DLCVAR (/tools/cadence/IC/06.18.230/tools/dfII/local/cds.lib,14): cds.lib Invalid environment variable ''.
DEFINE Cadence_libs ./Cadence_libs
|
xmvlog_cg: *W,DLCPTH (/tools/cadence/IC/06.18.230/tools/dfII/local/cds.lib,16): cds.lib Permission denied '/a/../../../tools/cadence/IC/06.18.230/tools/dfII/local/Cadence_libs' (cds.lib command ignored).
ASSIGN Cadence_libs COMBINE analogLib rfLib rfExamples ahdlLib passiveLib basic US_8ths rfTlineLib
|
xmvlog_cg: *W,DLCLIB (/tools/cadence/IC/06.18.230/tools/dfII/local/cds.lib,17): cds.lib Library not defined 'Cadence_libs' (cds.lib command ignored).
		worklib.main:v <0x3b4d9805>
			streams:   8, words: 15023
	Building instance specific data structures.
	Loading native compiled code:     .................... Done
	Design hierarchy summary:
		              Instances  Unique
		Modules:              2       2
		Registers:           10      10
		Scalar wires:         5       -
		Vectored wires:       2       -
		Always blocks:        2       2
		Initial blocks:       1       1
		Cont. assignments:    1       2
		Pseudo assignments:   5       5
	Writing initial simulation snapshot: worklib.main:v
DEFINE rfTlineLib $(compute:THIS_TOOL_INST_ROOT)/tools/dfII/samples/artist/rfTlineLib
|
xmsim: *W,DLCPTH (/tools/cadence/IC/06.18.230/tools/dfII/local/cds.lib,8): cds.lib Invalid path '/tools/cadence/XCELIUM/21.09.006/tools/dfII/samples/artist/rfTlineLib' (cds.lib command ignored).
SOFTINCLUDE $EMXHOME/emxinterface/cds.lib
|
xmsim: *W,DLCVAR (/tools/cadence/IC/06.18.230/tools/dfII/local/cds.lib,14): cds.lib Invalid environment variable ''.
DEFINE Cadence_libs ./Cadence_libs
|
xmsim: *W,DLCPTH (/tools/cadence/IC/06.18.230/tools/dfII/local/cds.lib,16): cds.lib Permission denied '/a/../../../tools/cadence/IC/06.18.230/tools/dfII/local/Cadence_libs' (cds.lib command ignored).
ASSIGN Cadence_libs COMBINE analogLib rfLib rfExamples ahdlLib passiveLib basic US_8ths rfTlineLib
|
xmsim: *W,DLCLIB (/tools/cadence/IC/06.18.230/tools/dfII/local/cds.lib,17): cds.lib Library not defined 'Cadence_libs' (cds.lib command ignored).
Loading snapshot worklib.main:v .................... Done
xcelium> source /tools/cadence/XCELIUM/21.09.006/tools/xcelium/files/xmsimrc
xcelium> run
DID NOT PASS TESTS. ERROR IN          11
Simulation complete via $finish(1) at time 250 NS + 0
./fifo_tb.v:186    $finish;
xcelium> exit
TOOL:	xmverilog	21.09-s006: Exiting on Nov 28, 2022 at 21:50:43 IST  (total: 00:00:01)
